<?xml version="1.0" encoding="UTF-8"?>
<testsuite xmlns:xsi="http://www.w3.org/2001/XMLSchema-instance" xsi:noNamespaceSchemaLocation="https://maven.apache.org/surefire/maven-surefire-plugin/xsd/surefire-test-report.xsd" version="3.0.1" name="org.sonar.samples.java.checks.AvoidTreeListRuleTest" time="0.05" tests="1" errors="0" skipped="0" failures="0">
  <properties>
    <property name="java.specification.version" value="22"/>
    <property name="sun.jnu.encoding" value="UTF-8"/>
    <property name="java.class.path" value="/Users/admin/Desktop/java-sonar-tutorial/target/test-classes:/Users/admin/Desktop/java-sonar-tutorial/target/classes:/Users/admin/.m2/repository/org/sonarsource/api/plugin/sonar-plugin-api/9.14.0.375/sonar-plugin-api-9.14.0.375.jar:/Users/admin/.m2/repository/org/slf4j/slf4j-api/1.7.30/slf4j-api-1.7.30.jar:/Users/admin/.m2/repository/org/sonarsource/java/sonar-java-plugin/7.28.0.33738/sonar-java-plugin-7.28.0.33738.jar:/Users/admin/.m2/repository/org/sonarsource/java/java-surefire/7.28.0.33738/java-surefire-7.28.0.33738.jar:/Users/admin/.m2/repository/com/fasterxml/staxmate/staxmate/2.4.0/staxmate-2.4.0.jar:/Users/admin/.m2/repository/org/codehaus/woodstox/stax2-api/4.2.1/stax2-api-4.2.1.jar:/Users/admin/.m2/repository/org/sonarsource/java/java-frontend/7.28.0.33738/java-frontend-7.28.0.33738.jar:/Users/admin/.m2/repository/org/sonarsource/java/jdt/7.28.0.33738/jdt-7.28.0.33738-shaded.jar:/Users/admin/.m2/repository/org/sonarsource/sslr/sslr-core/1.24.0.633/sslr-core-1.24.0.633.jar:/Users/admin/.m2/repository/org/apache/commons/commons-lang3/3.12.0/commons-lang3-3.12.0.jar:/Users/admin/.m2/repository/org/sonarsource/analyzer-commons/sonar-regex-parsing/2.7.0.1482/sonar-regex-parsing-2.7.0.1482.jar:/Users/admin/.m2/repository/org/sonarsource/java/java-symbolic-execution/7.28.0.33738/java-symbolic-execution-7.28.0.33738.jar:/Users/admin/.m2/repository/org/sonarsource/java/java-checks/7.28.0.33738/java-checks-7.28.0.33738.jar:/Users/admin/.m2/repository/org/sonarsource/analyzer-commons/sonar-analyzer-recognizers/2.7.0.1482/sonar-analyzer-recognizers-2.7.0.1482.jar:/Users/admin/.m2/repository/org/sonarsource/java/external-reports/7.28.0.33738/external-reports-7.28.0.33738.jar:/Users/admin/.m2/repository/org/sonarsource/java/java-jsp/7.28.0.33738/java-jsp-7.28.0.33738.jar:/Users/admin/.m2/repository/org/apache/tomcat/embed/tomcat-embed-jasper/9.0.81/tomcat-embed-jasper-9.0.81.jar:/Users/admin/.m2/repository/org/apache/tomcat/embed/tomcat-embed-core/9.0.81/tomcat-embed-core-9.0.81.jar:/Users/admin/.m2/repository/org/apache/tomcat/tomcat-annotations-api/9.0.81/tomcat-annotations-api-9.0.81.jar:/Users/admin/.m2/repository/org/apache/tomcat/embed/tomcat-embed-el/9.0.81/tomcat-embed-el-9.0.81.jar:/Users/admin/.m2/repository/org/sonarsource/analyzer-commons/sonar-xml-parsing/2.7.0.1482/sonar-xml-parsing-2.7.0.1482.jar:/Users/admin/.m2/repository/com/google/code/findbugs/jsr305/3.0.2/jsr305-3.0.2.jar:/Users/admin/.m2/repository/xerces/xercesImpl/2.12.2/xercesImpl-2.12.2.jar:/Users/admin/.m2/repository/xml-apis/xml-apis/1.4.01/xml-apis-1.4.01.jar:/Users/admin/.m2/repository/com/fasterxml/woodstox/woodstox-core/6.4.0/woodstox-core-6.4.0.jar:/Users/admin/.m2/repository/org/sonarsource/analyzer-commons/sonar-performance-measure/2.7.0.1482/sonar-performance-measure-2.7.0.1482.jar:/Users/admin/.m2/repository/org/sonarsource/analyzer-commons/sonar-analyzer-commons/1.24.0.965/sonar-analyzer-commons-1.24.0.965.jar:/Users/admin/.m2/repository/org/sonarsource/java/java-checks-testkit/7.28.0.33738/java-checks-testkit-7.28.0.33738.jar:/Users/admin/.m2/repository/com/google/code/gson/gson/2.8.9/gson-2.8.9.jar:/Users/admin/.m2/repository/org/junit/jupiter/junit-jupiter/5.7.0/junit-jupiter-5.7.0.jar:/Users/admin/.m2/repository/org/junit/jupiter/junit-jupiter-api/5.7.0/junit-jupiter-api-5.7.0.jar:/Users/admin/.m2/repository/org/opentest4j/opentest4j/1.2.0/opentest4j-1.2.0.jar:/Users/admin/.m2/repository/org/junit/platform/junit-platform-commons/1.7.0/junit-platform-commons-1.7.0.jar:/Users/admin/.m2/repository/org/junit/jupiter/junit-jupiter-params/5.7.0/junit-jupiter-params-5.7.0.jar:/Users/admin/.m2/repository/org/junit/jupiter/junit-jupiter-engine/5.7.0/junit-jupiter-engine-5.7.0.jar:/Users/admin/.m2/repository/org/junit/platform/junit-platform-engine/1.7.0/junit-platform-engine-1.7.0.jar:/Users/admin/.m2/repository/org/junit/jupiter/junit-jupiter-migrationsupport/5.7.0/junit-jupiter-migrationsupport-5.7.0.jar:/Users/admin/.m2/repository/junit/junit/4.13/junit-4.13.jar:/Users/admin/.m2/repository/org/hamcrest/hamcrest-core/1.3/hamcrest-core-1.3.jar:/Users/admin/.m2/repository/org/apiguardian/apiguardian-api/1.1.0/apiguardian-api-1.1.0.jar:/Users/admin/.m2/repository/org/assertj/assertj-core/3.23.1/assertj-core-3.23.1.jar:/Users/admin/.m2/repository/net/bytebuddy/byte-buddy/1.12.10/byte-buddy-1.12.10.jar:"/>
    <property name="java.vm.vendor" value="Oracle Corporation"/>
    <property name="sun.arch.data.model" value="64"/>
    <property name="java.vendor.url" value="https://java.oracle.com/"/>
    <property name="os.name" value="Mac OS X"/>
    <property name="java.vm.specification.version" value="22"/>
    <property name="sun.java.launcher" value="SUN_STANDARD"/>
    <property name="user.country" value="KZ"/>
    <property name="sun.boot.library.path" value="/Users/admin/Library/Java/JavaVirtualMachines/openjdk-22.0.1/Contents/Home/lib"/>
    <property name="sun.java.command" value="/Users/admin/Desktop/java-sonar-tutorial/target/surefire/surefirebooter-20240621200935484_3.jar /Users/admin/Desktop/java-sonar-tutorial/target/surefire 2024-06-21T20-09-35_445-jvmRun1 surefire-20240621200935484_1tmp surefire_0-20240621200935484_2tmp"/>
    <property name="http.nonProxyHosts" value="local|*.local|169.254/16|*.169.254/16"/>
    <property name="jdk.debug" value="release"/>
    <property name="surefire.test.class.path" value="/Users/admin/Desktop/java-sonar-tutorial/target/test-classes:/Users/admin/Desktop/java-sonar-tutorial/target/classes:/Users/admin/.m2/repository/org/sonarsource/api/plugin/sonar-plugin-api/9.14.0.375/sonar-plugin-api-9.14.0.375.jar:/Users/admin/.m2/repository/org/slf4j/slf4j-api/1.7.30/slf4j-api-1.7.30.jar:/Users/admin/.m2/repository/org/sonarsource/java/sonar-java-plugin/7.28.0.33738/sonar-java-plugin-7.28.0.33738.jar:/Users/admin/.m2/repository/org/sonarsource/java/java-surefire/7.28.0.33738/java-surefire-7.28.0.33738.jar:/Users/admin/.m2/repository/com/fasterxml/staxmate/staxmate/2.4.0/staxmate-2.4.0.jar:/Users/admin/.m2/repository/org/codehaus/woodstox/stax2-api/4.2.1/stax2-api-4.2.1.jar:/Users/admin/.m2/repository/org/sonarsource/java/java-frontend/7.28.0.33738/java-frontend-7.28.0.33738.jar:/Users/admin/.m2/repository/org/sonarsource/java/jdt/7.28.0.33738/jdt-7.28.0.33738-shaded.jar:/Users/admin/.m2/repository/org/sonarsource/sslr/sslr-core/1.24.0.633/sslr-core-1.24.0.633.jar:/Users/admin/.m2/repository/org/apache/commons/commons-lang3/3.12.0/commons-lang3-3.12.0.jar:/Users/admin/.m2/repository/org/sonarsource/analyzer-commons/sonar-regex-parsing/2.7.0.1482/sonar-regex-parsing-2.7.0.1482.jar:/Users/admin/.m2/repository/org/sonarsource/java/java-symbolic-execution/7.28.0.33738/java-symbolic-execution-7.28.0.33738.jar:/Users/admin/.m2/repository/org/sonarsource/java/java-checks/7.28.0.33738/java-checks-7.28.0.33738.jar:/Users/admin/.m2/repository/org/sonarsource/analyzer-commons/sonar-analyzer-recognizers/2.7.0.1482/sonar-analyzer-recognizers-2.7.0.1482.jar:/Users/admin/.m2/repository/org/sonarsource/java/external-reports/7.28.0.33738/external-reports-7.28.0.33738.jar:/Users/admin/.m2/repository/org/sonarsource/java/java-jsp/7.28.0.33738/java-jsp-7.28.0.33738.jar:/Users/admin/.m2/repository/org/apache/tomcat/embed/tomcat-embed-jasper/9.0.81/tomcat-embed-jasper-9.0.81.jar:/Users/admin/.m2/repository/org/apache/tomcat/embed/tomcat-embed-core/9.0.81/tomcat-embed-core-9.0.81.jar:/Users/admin/.m2/repository/org/apache/tomcat/tomcat-annotations-api/9.0.81/tomcat-annotations-api-9.0.81.jar:/Users/admin/.m2/repository/org/apache/tomcat/embed/tomcat-embed-el/9.0.81/tomcat-embed-el-9.0.81.jar:/Users/admin/.m2/repository/org/sonarsource/analyzer-commons/sonar-xml-parsing/2.7.0.1482/sonar-xml-parsing-2.7.0.1482.jar:/Users/admin/.m2/repository/com/google/code/findbugs/jsr305/3.0.2/jsr305-3.0.2.jar:/Users/admin/.m2/repository/xerces/xercesImpl/2.12.2/xercesImpl-2.12.2.jar:/Users/admin/.m2/repository/xml-apis/xml-apis/1.4.01/xml-apis-1.4.01.jar:/Users/admin/.m2/repository/com/fasterxml/woodstox/woodstox-core/6.4.0/woodstox-core-6.4.0.jar:/Users/admin/.m2/repository/org/sonarsource/analyzer-commons/sonar-performance-measure/2.7.0.1482/sonar-performance-measure-2.7.0.1482.jar:/Users/admin/.m2/repository/org/sonarsource/analyzer-commons/sonar-analyzer-commons/1.24.0.965/sonar-analyzer-commons-1.24.0.965.jar:/Users/admin/.m2/repository/org/sonarsource/java/java-checks-testkit/7.28.0.33738/java-checks-testkit-7.28.0.33738.jar:/Users/admin/.m2/repository/com/google/code/gson/gson/2.8.9/gson-2.8.9.jar:/Users/admin/.m2/repository/org/junit/jupiter/junit-jupiter/5.7.0/junit-jupiter-5.7.0.jar:/Users/admin/.m2/repository/org/junit/jupiter/junit-jupiter-api/5.7.0/junit-jupiter-api-5.7.0.jar:/Users/admin/.m2/repository/org/opentest4j/opentest4j/1.2.0/opentest4j-1.2.0.jar:/Users/admin/.m2/repository/org/junit/platform/junit-platform-commons/1.7.0/junit-platform-commons-1.7.0.jar:/Users/admin/.m2/repository/org/junit/jupiter/junit-jupiter-params/5.7.0/junit-jupiter-params-5.7.0.jar:/Users/admin/.m2/repository/org/junit/jupiter/junit-jupiter-engine/5.7.0/junit-jupiter-engine-5.7.0.jar:/Users/admin/.m2/repository/org/junit/platform/junit-platform-engine/1.7.0/junit-platform-engine-1.7.0.jar:/Users/admin/.m2/repository/org/junit/jupiter/junit-jupiter-migrationsupport/5.7.0/junit-jupiter-migrationsupport-5.7.0.jar:/Users/admin/.m2/repository/junit/junit/4.13/junit-4.13.jar:/Users/admin/.m2/repository/org/hamcrest/hamcrest-core/1.3/hamcrest-core-1.3.jar:/Users/admin/.m2/repository/org/apiguardian/apiguardian-api/1.1.0/apiguardian-api-1.1.0.jar:/Users/admin/.m2/repository/org/assertj/assertj-core/3.23.1/assertj-core-3.23.1.jar:/Users/admin/.m2/repository/net/bytebuddy/byte-buddy/1.12.10/byte-buddy-1.12.10.jar:"/>
    <property name="sun.cpu.endian" value="little"/>
    <property name="user.home" value="/Users/admin"/>
    <property name="user.language" value="ru"/>
    <property name="java.specification.vendor" value="Oracle Corporation"/>
    <property name="java.version.date" value="2024-04-16"/>
    <property name="java.home" value="/Users/admin/Library/Java/JavaVirtualMachines/openjdk-22.0.1/Contents/Home"/>
    <property name="file.separator" value="/"/>
    <property name="basedir" value="/Users/admin/Desktop/java-sonar-tutorial"/>
    <property name="java.vm.compressedOopsMode" value="Zero based"/>
    <property name="line.separator" value="&#10;"/>
    <property name="java.vm.specification.vendor" value="Oracle Corporation"/>
    <property name="java.specification.name" value="Java Platform API Specification"/>
    <property name="apple.awt.application.name" value="ForkedBooter"/>
    <property name="surefire.real.class.path" value="/Users/admin/Desktop/java-sonar-tutorial/target/surefire/surefirebooter-20240621200935484_3.jar"/>
    <property name="sun.management.compiler" value="HotSpot 64-Bit Tiered Compilers"/>
    <property name="ftp.nonProxyHosts" value="local|*.local|169.254/16|*.169.254/16"/>
    <property name="java.runtime.version" value="22.0.1+8-16"/>
    <property name="user.name" value="admin"/>
    <property name="stdout.encoding" value="US-ASCII"/>
    <property name="path.separator" value=":"/>
    <property name="os.version" value="14.3"/>
    <property name="java.runtime.name" value="OpenJDK Runtime Environment"/>
    <property name="file.encoding" value="UTF-8"/>
    <property name="java.vm.name" value="OpenJDK 64-Bit Server VM"/>
    <property name="localRepository" value="/Users/admin/.m2/repository"/>
    <property name="java.vendor.url.bug" value="https://bugreport.java.com/bugreport/"/>
    <property name="java.io.tmpdir" value="/var/folders/6q/yg38j0n55l3ffyx46pbjcshr0000gn/T/"/>
    <property name="idea.version" value="2023.2.5"/>
    <property name="java.version" value="22.0.1"/>
    <property name="user.dir" value="/Users/admin/Desktop/java-sonar-tutorial"/>
    <property name="os.arch" value="aarch64"/>
    <property name="java.vm.specification.name" value="Java Virtual Machine Specification"/>
    <property name="native.encoding" value="US-ASCII"/>
    <property name="java.library.path" value="/Users/admin/Library/Java/Extensions:/Library/Java/Extensions:/Network/Library/Java/Extensions:/System/Library/Java/Extensions:/usr/lib/java:."/>
    <property name="java.vm.info" value="mixed mode, sharing"/>
    <property name="stderr.encoding" value="US-ASCII"/>
    <property name="java.vendor" value="Oracle Corporation"/>
    <property name="java.vm.version" value="22.0.1+8-16"/>
    <property name="sun.io.unicode.encoding" value="UnicodeBig"/>
    <property name="socksNonProxyHosts" value="local|*.local|169.254/16|*.169.254/16"/>
    <property name="java.class.version" value="66.0"/>
  </properties>
  <testcase name="verify" classname="org.sonar.samples.java.checks.AvoidTreeListRuleTest" time="0.049"/>
</testsuite>